<?xml version="1.0" encoding="UTF-8"?>
<coverage generated="1763913943993" clover="3.2.0">
  <project timestamp="1763913943993" name="All files">
    <metrics statements="204" coveredstatements="106" conditionals="47" coveredconditionals="20" methods="79" coveredmethods="39" elements="330" coveredelements="165" complexity="0" loc="204" ncloc="204" packages="8" files="34" classes="34"/>
    <package name="components">
      <metrics statements="44" coveredstatements="17" conditionals="25" coveredconditionals="7" methods="16" coveredmethods="8"/>
      <file name="BackButton.tsx" path="/Users/alexandrerodrigues/Documents/GitHub/MyWay/mobile/components/BackButton.tsx">
        <metrics statements="7" coveredstatements="7" conditionals="2" coveredconditionals="2" methods="2" coveredmethods="2"/>
        <line num="10" count="9" type="stmt"/>
        <line num="11" count="9" type="stmt"/>
        <line num="13" count="9" type="stmt"/>
        <line num="14" count="6" type="cond" truecount="2" falsecount="0"/>
        <line num="15" count="5" type="stmt"/>
        <line num="18" count="1" type="stmt"/>
        <line num="22" count="9" type="stmt"/>
      </file>
      <file name="Card.tsx" path="/Users/alexandrerodrigues/Documents/GitHub/MyWay/mobile/components/Card.tsx">
        <metrics statements="1" coveredstatements="1" conditionals="0" coveredconditionals="0" methods="1" coveredmethods="1"/>
        <line num="16" count="19" type="stmt"/>
      </file>
      <file name="Checkbox.tsx" path="/Users/alexandrerodrigues/Documents/GitHub/MyWay/mobile/components/Checkbox.tsx">
        <metrics statements="1" coveredstatements="1" conditionals="3" coveredconditionals="3" methods="1" coveredmethods="1"/>
        <line num="18" count="27" type="stmt"/>
      </file>
      <file name="Drawer.tsx" path="/Users/alexandrerodrigues/Documents/GitHub/MyWay/mobile/components/Drawer.tsx">
        <metrics statements="21" coveredstatements="0" conditionals="8" coveredconditionals="0" methods="5" coveredmethods="0"/>
        <line num="5" count="0" type="stmt"/>
        <line num="10" count="0" type="stmt"/>
        <line num="11" count="0" type="stmt"/>
        <line num="12" count="0" type="cond" truecount="0" falsecount="2"/>
        <line num="25" count="0" type="stmt"/>
        <line num="26" count="0" type="stmt"/>
        <line num="27" count="0" type="stmt"/>
        <line num="28" count="0" type="stmt"/>
        <line num="30" count="0" type="stmt"/>
        <line num="31" count="0" type="stmt"/>
        <line num="33" count="0" type="stmt"/>
        <line num="34" count="0" type="stmt"/>
        <line num="39" count="0" type="stmt"/>
        <line num="40" count="0" type="stmt"/>
        <line num="42" count="0" type="cond" truecount="0" falsecount="2"/>
        <line num="43" count="0" type="stmt"/>
        <line num="44" count="0" type="stmt"/>
        <line num="45" count="0" type="cond" truecount="0" falsecount="2"/>
        <line num="46" count="0" type="stmt"/>
        <line num="49" count="0" type="stmt"/>
        <line num="54" count="0" type="stmt"/>
      </file>
      <file name="HabitDay.tsx" path="/Users/alexandrerodrigues/Documents/GitHub/MyWay/mobile/components/HabitDay.tsx">
        <metrics statements="4" coveredstatements="0" conditionals="8" coveredconditionals="0" methods="1" coveredmethods="0"/>
        <line num="22" count="0" type="stmt"/>
        <line num="23" count="0" type="stmt"/>
        <line num="24" count="0" type="stmt"/>
        <line num="26" count="0" type="stmt"/>
      </file>
      <file name="Header.tsx" path="/Users/alexandrerodrigues/Documents/GitHub/MyWay/mobile/components/Header.tsx">
        <metrics statements="7" coveredstatements="7" conditionals="2" coveredconditionals="2" methods="3" coveredmethods="3"/>
        <line num="8" count="1" type="stmt"/>
        <line num="9" count="7" type="stmt"/>
        <line num="10" count="7" type="stmt"/>
        <line num="11" count="7" type="stmt"/>
        <line num="13" count="7" type="stmt"/>
        <line num="16" count="2" type="stmt"/>
        <line num="26" count="1" type="stmt"/>
      </file>
      <file name="Loading.tsx" path="/Users/alexandrerodrigues/Documents/GitHub/MyWay/mobile/components/Loading.tsx">
        <metrics statements="1" coveredstatements="0" conditionals="0" coveredconditionals="0" methods="1" coveredmethods="0"/>
        <line num="4" count="0" type="stmt"/>
      </file>
      <file name="ProgressBar.tsx" path="/Users/alexandrerodrigues/Documents/GitHub/MyWay/mobile/components/ProgressBar.tsx">
        <metrics statements="1" coveredstatements="1" conditionals="0" coveredconditionals="0" methods="1" coveredmethods="1"/>
        <line num="9" count="17" type="stmt"/>
      </file>
      <file name="ScheduleHabit.tsx" path="/Users/alexandrerodrigues/Documents/GitHub/MyWay/mobile/components/ScheduleHabit.tsx">
        <metrics statements="1" coveredstatements="0" conditionals="2" coveredconditionals="0" methods="1" coveredmethods="0"/>
        <line num="16" count="0" type="stmt"/>
      </file>
    </package>
    <package name="components.navigation">
      <metrics statements="1" coveredstatements="0" conditionals="0" coveredconditionals="0" methods="1" coveredmethods="0"/>
      <file name="TabBarIcon.tsx" path="/Users/alexandrerodrigues/Documents/GitHub/MyWay/mobile/components/navigation/TabBarIcon.tsx">
        <metrics statements="1" coveredstatements="0" conditionals="0" coveredconditionals="0" methods="1" coveredmethods="0"/>
        <line num="8" count="0" type="stmt"/>
      </file>
    </package>
    <package name="hooks">
      <metrics statements="56" coveredstatements="50" conditionals="12" coveredconditionals="7" methods="15" coveredmethods="13"/>
      <file name="useColorScheme.ts" path="/Users/alexandrerodrigues/Documents/GitHub/MyWay/mobile/hooks/useColorScheme.ts">
        <metrics statements="0" coveredstatements="0" conditionals="0" coveredconditionals="0" methods="0" coveredmethods="0"/>
      </file>
      <file name="useColorScheme.web.ts" path="/Users/alexandrerodrigues/Documents/GitHub/MyWay/mobile/hooks/useColorScheme.web.ts">
        <metrics statements="1" coveredstatements="0" conditionals="0" coveredconditionals="0" methods="1" coveredmethods="0"/>
        <line num="7" count="0" type="stmt"/>
      </file>
      <file name="useSession.tsx" path="/Users/alexandrerodrigues/Documents/GitHub/MyWay/mobile/hooks/useSession.tsx">
        <metrics statements="50" coveredstatements="50" conditionals="8" coveredconditionals="7" methods="13" coveredmethods="13"/>
        <line num="20" count="4" type="stmt"/>
        <line num="22" count="4" type="stmt"/>
        <line num="23" count="41" type="stmt"/>
        <line num="24" count="41" type="stmt"/>
        <line num="25" count="41" type="stmt"/>
        <line num="27" count="41" type="stmt"/>
        <line num="28" count="18" type="stmt"/>
        <line num="29" count="18" type="stmt"/>
        <line num="30" count="18" type="cond" truecount="2" falsecount="0"/>
        <line num="31" count="2" type="stmt"/>
        <line num="34" count="18" type="stmt"/>
        <line num="37" count="41" type="stmt"/>
        <line num="38" count="15" type="stmt"/>
        <line num="39" count="15" type="stmt"/>
        <line num="41" count="13" type="stmt"/>
        <line num="42" count="13" type="stmt"/>
        <line num="44" count="13" type="stmt"/>
        <line num="45" count="13" type="stmt"/>
        <line num="47" count="13" type="stmt"/>
        <line num="49" count="2" type="stmt"/>
        <line num="50" count="2" type="stmt"/>
        <line num="51" count="2" type="stmt"/>
        <line num="55" count="41" type="stmt"/>
        <line num="56" count="2" type="cond" truecount="1" falsecount="1"/>
        <line num="57" count="2" type="stmt"/>
        <line num="58" count="2" type="stmt"/>
        <line num="59" count="2" type="stmt"/>
        <line num="63" count="41" type="stmt"/>
        <line num="64" count="4" type="stmt"/>
        <line num="65" count="4" type="stmt"/>
        <line num="68" count="41" type="stmt"/>
        <line num="69" count="2" type="stmt"/>
        <line num="72" count="41" type="stmt"/>
        <line num="73" count="10" type="stmt"/>
        <line num="76" count="41" type="stmt"/>
        <line num="77" count="2" type="stmt"/>
        <line num="80" count="41" type="stmt"/>
        <line num="81" count="2" type="stmt"/>
        <line num="84" count="41" type="stmt"/>
        <line num="85" count="3" type="stmt"/>
        <line num="88" count="41" type="stmt"/>
        <line num="89" count="4" type="cond" truecount="2" falsecount="0"/>
        <line num="90" count="2" type="stmt"/>
        <line num="92" count="2" type="stmt"/>
        <line num="95" count="41" type="stmt"/>
        <line num="102" count="4" type="stmt"/>
        <line num="103" count="43" type="stmt"/>
        <line num="104" count="43" type="cond" truecount="2" falsecount="0"/>
        <line num="105" count="2" type="stmt"/>
        <line num="107" count="41" type="stmt"/>
      </file>
      <file name="useThemeColor.ts" path="/Users/alexandrerodrigues/Documents/GitHub/MyWay/mobile/hooks/useThemeColor.ts">
        <metrics statements="5" coveredstatements="0" conditionals="4" coveredconditionals="0" methods="1" coveredmethods="0"/>
        <line num="14" count="0" type="cond" truecount="0" falsecount="2"/>
        <line num="15" count="0" type="stmt"/>
        <line num="17" count="0" type="cond" truecount="0" falsecount="2"/>
        <line num="18" count="0" type="stmt"/>
        <line num="20" count="0" type="stmt"/>
      </file>
    </package>
    <package name="requests.activities">
      <metrics statements="25" coveredstatements="0" conditionals="0" coveredconditionals="0" methods="13" coveredmethods="0"/>
      <file name="create-activity.ts" path="/Users/alexandrerodrigues/Documents/GitHub/MyWay/mobile/requests/activities/create-activity.ts">
        <metrics statements="4" coveredstatements="0" conditionals="0" coveredconditionals="0" methods="3" coveredmethods="0"/>
        <line num="5" count="0" type="stmt"/>
        <line num="7" count="0" type="stmt"/>
        <line num="10" count="0" type="stmt"/>
        <line num="11" count="0" type="stmt"/>
      </file>
      <file name="delete-activity.ts" path="/Users/alexandrerodrigues/Documents/GitHub/MyWay/mobile/requests/activities/delete-activity.ts">
        <metrics statements="4" coveredstatements="0" conditionals="0" coveredconditionals="0" methods="3" coveredmethods="0"/>
        <line num="3" count="0" type="stmt"/>
        <line num="4" count="0" type="stmt"/>
        <line num="7" count="0" type="stmt"/>
        <line num="10" count="0" type="stmt"/>
      </file>
      <file name="load-activities-by-id.ts" path="/Users/alexandrerodrigues/Documents/GitHub/MyWay/mobile/requests/activities/load-activities-by-id.ts">
        <metrics statements="4" coveredstatements="0" conditionals="0" coveredconditionals="0" methods="3" coveredmethods="0"/>
        <line num="4" count="0" type="stmt"/>
        <line num="5" count="0" type="stmt"/>
        <line num="8" count="0" type="stmt"/>
        <line num="11" count="0" type="stmt"/>
      </file>
      <file name="load-activity-by-day.ts" path="/Users/alexandrerodrigues/Documents/GitHub/MyWay/mobile/requests/activities/load-activity-by-day.ts">
        <metrics statements="6" coveredstatements="0" conditionals="0" coveredconditionals="0" methods="2" coveredmethods="0"/>
        <line num="4" count="0" type="stmt"/>
        <line num="5" count="0" type="stmt"/>
        <line num="6" count="0" type="stmt"/>
        <line num="7" count="0" type="stmt"/>
        <line num="9" count="0" type="stmt"/>
        <line num="10" count="0" type="stmt"/>
      </file>
      <file name="load-days.ts" path="/Users/alexandrerodrigues/Documents/GitHub/MyWay/mobile/requests/activities/load-days.ts">
        <metrics statements="7" coveredstatements="0" conditionals="0" coveredconditionals="0" methods="2" coveredmethods="0"/>
        <line num="4" count="0" type="stmt"/>
        <line num="5" count="0" type="stmt"/>
        <line num="6" count="0" type="stmt"/>
        <line num="7" count="0" type="stmt"/>
        <line num="9" count="0" type="stmt"/>
        <line num="11" count="0" type="stmt"/>
        <line num="12" count="0" type="stmt"/>
      </file>
    </package>
    <package name="requests.routine">
      <metrics statements="13" coveredstatements="4" conditionals="0" coveredconditionals="0" methods="9" coveredmethods="3"/>
      <file name="create-routine.ts" path="/Users/alexandrerodrigues/Documents/GitHub/MyWay/mobile/requests/routine/create-routine.ts">
        <metrics statements="5" coveredstatements="0" conditionals="0" coveredconditionals="0" methods="3" coveredmethods="0"/>
        <line num="5" count="0" type="stmt"/>
        <line num="10" count="0" type="stmt"/>
        <line num="12" count="0" type="stmt"/>
        <line num="15" count="0" type="stmt"/>
        <line num="16" count="0" type="stmt"/>
      </file>
      <file name="load-routine-by-guardian-id.ts" path="/Users/alexandrerodrigues/Documents/GitHub/MyWay/mobile/requests/routine/load-routine-by-guardian-id.ts">
        <metrics statements="4" coveredstatements="0" conditionals="0" coveredconditionals="0" methods="3" coveredmethods="0"/>
        <line num="4" count="0" type="stmt"/>
        <line num="5" count="0" type="stmt"/>
        <line num="8" count="0" type="stmt"/>
        <line num="11" count="0" type="stmt"/>
      </file>
      <file name="load-routine-by-user-id.ts" path="/Users/alexandrerodrigues/Documents/GitHub/MyWay/mobile/requests/routine/load-routine-by-user-id.ts">
        <metrics statements="4" coveredstatements="4" conditionals="0" coveredconditionals="0" methods="3" coveredmethods="3"/>
        <line num="4" count="2" type="stmt"/>
        <line num="5" count="7" type="stmt"/>
        <line num="8" count="5" type="stmt"/>
        <line num="11" count="2" type="stmt"/>
      </file>
    </package>
    <package name="requests.user">
      <metrics statements="23" coveredstatements="14" conditionals="0" coveredconditionals="0" methods="18" coveredmethods="12"/>
      <file name="authenticate-user.ts" path="/Users/alexandrerodrigues/Documents/GitHub/MyWay/mobile/requests/user/authenticate-user.ts">
        <metrics statements="4" coveredstatements="4" conditionals="0" coveredconditionals="0" methods="3" coveredmethods="3"/>
        <line num="4" count="6" type="stmt"/>
        <line num="5" count="7" type="stmt"/>
        <line num="8" count="5" type="stmt"/>
        <line num="11" count="2" type="stmt"/>
      </file>
      <file name="create-user.ts" path="/Users/alexandrerodrigues/Documents/GitHub/MyWay/mobile/requests/user/create-user.ts">
        <metrics statements="3" coveredstatements="3" conditionals="0" coveredconditionals="0" methods="3" coveredmethods="3"/>
        <line num="5" count="15" type="stmt"/>
        <line num="7" count="11" type="stmt"/>
        <line num="10" count="4" type="stmt"/>
      </file>
      <file name="delete-user.ts" path="/Users/alexandrerodrigues/Documents/GitHub/MyWay/mobile/requests/user/delete-user.ts">
        <metrics statements="5" coveredstatements="0" conditionals="0" coveredconditionals="0" methods="3" coveredmethods="0"/>
        <line num="3" count="0" type="stmt"/>
        <line num="4" count="0" type="stmt"/>
        <line num="7" count="0" type="stmt"/>
        <line num="10" count="0" type="stmt"/>
        <line num="11" count="0" type="stmt"/>
      </file>
      <file name="index.ts" path="/Users/alexandrerodrigues/Documents/GitHub/MyWay/mobile/requests/user/index.ts">
        <metrics statements="0" coveredstatements="0" conditionals="0" coveredconditionals="0" methods="0" coveredmethods="0"/>
      </file>
      <file name="load-user-by-email.ts" path="/Users/alexandrerodrigues/Documents/GitHub/MyWay/mobile/requests/user/load-user-by-email.ts">
        <metrics statements="4" coveredstatements="0" conditionals="0" coveredconditionals="0" methods="3" coveredmethods="0"/>
        <line num="4" count="0" type="stmt"/>
        <line num="5" count="0" type="stmt"/>
        <line num="8" count="0" type="stmt"/>
        <line num="11" count="0" type="stmt"/>
      </file>
      <file name="load-user-by-id.ts" path="/Users/alexandrerodrigues/Documents/GitHub/MyWay/mobile/requests/user/load-user-by-id.ts">
        <metrics statements="4" coveredstatements="4" conditionals="0" coveredconditionals="0" methods="3" coveredmethods="3"/>
        <line num="4" count="1" type="stmt"/>
        <line num="5" count="3" type="stmt"/>
        <line num="8" count="1" type="stmt"/>
        <line num="11" count="2" type="stmt"/>
      </file>
      <file name="update-user.ts" path="/Users/alexandrerodrigues/Documents/GitHub/MyWay/mobile/requests/user/update-user.ts">
        <metrics statements="3" coveredstatements="3" conditionals="0" coveredconditionals="0" methods="3" coveredmethods="3"/>
        <line num="5" count="4" type="stmt"/>
        <line num="7" count="2" type="stmt"/>
        <line num="10" count="2" type="stmt"/>
      </file>
    </package>
    <package name="services">
      <metrics statements="17" coveredstatements="0" conditionals="4" coveredconditionals="0" methods="4" coveredmethods="0"/>
      <file name="api.tsx" path="/Users/alexandrerodrigues/Documents/GitHub/MyWay/mobile/services/api.tsx">
        <metrics statements="17" coveredstatements="0" conditionals="4" coveredconditionals="0" methods="4" coveredmethods="0"/>
        <line num="4" count="0" type="stmt"/>
        <line num="6" count="0" type="stmt"/>
        <line num="7" count="0" type="cond" truecount="0" falsecount="2"/>
        <line num="8" count="0" type="stmt"/>
        <line num="11" count="0" type="stmt"/>
        <line num="15" count="0" type="stmt"/>
        <line num="17" count="0" type="stmt"/>
        <line num="18" count="0" type="cond" truecount="0" falsecount="2"/>
        <line num="19" count="0" type="stmt"/>
        <line num="21" count="0" type="stmt"/>
        <line num="24" count="0" type="stmt"/>
        <line num="28" count="0" type="stmt"/>
        <line num="29" count="0" type="stmt"/>
        <line num="30" count="0" type="stmt"/>
        <line num="31" count="0" type="stmt"/>
        <line num="33" count="0" type="stmt"/>
        <line num="34" count="0" type="stmt"/>
      </file>
    </package>
    <package name="utils">
      <metrics statements="25" coveredstatements="21" conditionals="6" coveredconditionals="6" methods="3" coveredmethods="3"/>
      <file name="constants.ts" path="/Users/alexandrerodrigues/Documents/GitHub/MyWay/mobile/utils/constants.ts">
        <metrics statements="4" coveredstatements="0" conditionals="0" coveredconditionals="0" methods="0" coveredmethods="0"/>
        <line num="3" count="0" type="stmt"/>
        <line num="4" count="0" type="stmt"/>
        <line num="6" count="0" type="stmt"/>
        <line num="8" count="0" type="stmt"/>
      </file>
      <file name="generate-dates-month.ts" path="/Users/alexandrerodrigues/Documents/GitHub/MyWay/mobile/utils/generate-dates-month.ts">
        <metrics statements="17" coveredstatements="17" conditionals="2" coveredconditionals="2" methods="1" coveredmethods="1"/>
        <line num="4" count="9" type="stmt"/>
        <line num="5" count="9" type="stmt"/>
        <line num="6" count="9" type="stmt"/>
        <line num="8" count="9" type="stmt"/>
        <line num="11" count="9" type="stmt"/>
        <line num="13" count="9" type="stmt"/>
        <line num="14" count="38" type="stmt"/>
        <line num="17" count="9" type="stmt"/>
        <line num="20" count="9" type="cond" truecount="2" falsecount="0"/>
        <line num="21" count="271" type="stmt"/>
        <line num="22" count="271" type="stmt"/>
        <line num="26" count="9" type="stmt"/>
        <line num="27" count="9" type="stmt"/>
        <line num="29" count="9" type="stmt"/>
        <line num="30" count="69" type="stmt"/>
        <line num="31" count="69" type="stmt"/>
        <line num="34" count="9" type="stmt"/>
      </file>
      <file name="generate-progress-percentage.ts" path="/Users/alexandrerodrigues/Documents/GitHub/MyWay/mobile/utils/generate-progress-percentage.ts">
        <metrics statements="2" coveredstatements="2" conditionals="4" coveredconditionals="4" methods="1" coveredmethods="1"/>
        <line num="2" count="27" type="stmt"/>
        <line num="3" count="27" type="cond" truecount="2" falsecount="0"/>
      </file>
      <file name="goTo.ts" path="/Users/alexandrerodrigues/Documents/GitHub/MyWay/mobile/utils/goTo.ts">
        <metrics statements="2" coveredstatements="2" conditionals="0" coveredconditionals="0" methods="1" coveredmethods="1"/>
        <line num="3" count="3" type="stmt"/>
        <line num="4" count="7" type="stmt"/>
      </file>
    </package>
  </project>
</coverage>
