{"/Users/alexandrerodrigues/Documents/GitHub/MyWay/mobile/components/BackButton.tsx": {"path":"/Users/alexandrerodrigues/Documents/GitHub/MyWay/mobile/components/BackButton.tsx","statementMap":{"0":{"start":{"line":10,"column":23},"end":{"line":10,"column":38}},"1":{"start":{"line":11,"column":21},"end":{"line":11,"column":33}},"2":{"start":{"line":13,"column":21},"end":{"line":20,"column":5}},"3":{"start":{"line":14,"column":8},"end":{"line":19,"column":9}},"4":{"start":{"line":15,"column":12},"end":{"line":15,"column":65}},"5":{"start":{"line":18,"column":12},"end":{"line":18,"column":18}},"6":{"start":{"line":22,"column":4},"end":{"line":26,"column":5}}},"fnMap":{"0":{"name":"BackButton","decl":{"start":{"line":9,"column":9},"end":{"line":9,"column":19}},"loc":{"start":{"line":9,"column":22},"end":{"line":27,"column":1}},"line":9},"1":{"name":"(anonymous_1)","decl":{"start":{"line":13,"column":21},"end":{"line":13,"column":22}},"loc":{"start":{"line":13,"column":27},"end":{"line":20,"column":5}},"line":13}},"branchMap":{"0":{"loc":{"start":{"line":14,"column":8},"end":{"line":19,"column":9}},"type":"if","locations":[{"start":{"line":14,"column":8},"end":{"line":19,"column":9}},{"start":{"line":17,"column":13},"end":{"line":19,"column":9}}],"line":14}},"s":{"0":9,"1":9,"2":9,"3":6,"4":5,"5":1,"6":9},"f":{"0":9,"1":6},"b":{"0":[5,1]},"_coverageSchema":"1a1c01bbd47fc00a2c39e90264f33305004495a9","hash":"4281fa315749cf93b22ade83877848b2faba25b1"}
,"/Users/alexandrerodrigues/Documents/GitHub/MyWay/mobile/components/Card.tsx": {"path":"/Users/alexandrerodrigues/Documents/GitHub/MyWay/mobile/components/Card.tsx","statementMap":{"0":{"start":{"line":16,"column":4},"end":{"line":28,"column":5}}},"fnMap":{"0":{"name":"Card","decl":{"start":{"line":15,"column":9},"end":{"line":15,"column":13}},"loc":{"start":{"line":15,"column":69},"end":{"line":29,"column":1}},"line":15}},"branchMap":{},"s":{"0":19},"f":{"0":19},"b":{},"_coverageSchema":"1a1c01bbd47fc00a2c39e90264f33305004495a9","hash":"5ec1ae0b7ad97331cc71565560626c907da4ea33"}
,"/Users/alexandrerodrigues/Documents/GitHub/MyWay/mobile/components/Checkbox.tsx": {"path":"/Users/alexandrerodrigues/Documents/GitHub/MyWay/mobile/components/Checkbox.tsx","statementMap":{"0":{"start":{"line":18,"column":4},"end":{"line":36,"column":5}}},"fnMap":{"0":{"name":"Checkbox","decl":{"start":{"line":17,"column":9},"end":{"line":17,"column":17}},"loc":{"start":{"line":17,"column":71},"end":{"line":37,"column":1}},"line":17}},"branchMap":{"0":{"loc":{"start":{"line":17,"column":20},"end":{"line":17,"column":35}},"type":"default-arg","locations":[{"start":{"line":17,"column":30},"end":{"line":17,"column":35}}],"line":17},"1":{"loc":{"start":{"line":23,"column":13},"end":{"line":32,"column":13}},"type":"cond-expr","locations":[{"start":{},"end":{}},{"start":{},"end":{}}],"line":23}},"s":{"0":27},"f":{"0":27},"b":{"0":[10],"1":[6,21]},"_coverageSchema":"1a1c01bbd47fc00a2c39e90264f33305004495a9","hash":"fbc696b7df4ddb709f4fa70b4082609693984d2e"}
,"/Users/alexandrerodrigues/Documents/GitHub/MyWay/mobile/components/Drawer.tsx": {"path":"/Users/alexandrerodrigues/Documents/GitHub/MyWay/mobile/components/Drawer.tsx","statementMap":{"0":{"start":{"line":5,"column":19},"end":{"line":17,"column":2}},"1":{"start":{"line":10,"column":31},"end":{"line":10,"column":59}},"2":{"start":{"line":11,"column":31},"end":{"line":11,"column":53}},"3":{"start":{"line":12,"column":12},"end":{"line":12,"column":56}},"4":{"start":{"line":25,"column":38},"end":{"line":105,"column":1}},"5":{"start":{"line":26,"column":28},"end":{"line":26,"column":40}},"6":{"start":{"line":27,"column":42},"end":{"line":27,"column":54}},"7":{"start":{"line":28,"column":32},"end":{"line":28,"column":63}},"8":{"start":{"line":30,"column":25},"end":{"line":52,"column":5}},"9":{"start":{"line":31,"column":8},"end":{"line":31,"column":22}},"10":{"start":{"line":33,"column":8},"end":{"line":51,"column":9}},"11":{"start":{"line":34,"column":12},"end":{"line":37,"column":15}},"12":{"start":{"line":39,"column":12},"end":{"line":39,"column":40}},"13":{"start":{"line":40,"column":12},"end":{"line":40,"column":22}},"14":{"start":{"line":42,"column":12},"end":{"line":50,"column":13}},"15":{"start":{"line":43,"column":55},"end":{"line":43,"column":57}},"16":{"start":{"line":44,"column":16},"end":{"line":48,"column":19}},"17":{"start":{"line":45,"column":20},"end":{"line":47,"column":21}},"18":{"start":{"line":46,"column":24},"end":{"line":46,"column":55}},"19":{"start":{"line":49,"column":16},"end":{"line":49,"column":39}},"20":{"start":{"line":54,"column":4},"end":{"line":104,"column":6}}},"fnMap":{"0":{"name":"(anonymous_0)","decl":{"start":{"line":9,"column":16},"end":{"line":9,"column":17}},"loc":{"start":{"line":9,"column":27},"end":{"line":13,"column":9}},"line":9},"1":{"name":"(anonymous_1)","decl":{"start":{"line":25,"column":38},"end":{"line":25,"column":39}},"loc":{"start":{"line":25,"column":76},"end":{"line":105,"column":1}},"line":25},"2":{"name":"(anonymous_2)","decl":{"start":{"line":30,"column":25},"end":{"line":30,"column":26}},"loc":{"start":{"line":30,"column":31},"end":{"line":52,"column":5}},"line":30},"3":{"name":"(anonymous_3)","decl":{"start":{"line":44,"column":37},"end":{"line":44,"column":38}},"loc":{"start":{"line":44,"column":46},"end":{"line":48,"column":17}},"line":44},"4":{"name":"(anonymous_4)","decl":{"start":{"line":66,"column":33},"end":{"line":66,"column":34}},"loc":{"start":{"line":66,"column":39},"end":{"line":66,"column":42}},"line":66}},"branchMap":{"0":{"loc":{"start":{"line":12,"column":19},"end":{"line":12,"column":55}},"type":"binary-expr","locations":[{"start":{"line":12,"column":19},"end":{"line":12,"column":41}},{"start":{"line":12,"column":45},"end":{"line":12,"column":55}}],"line":12},"1":{"loc":{"start":{"line":42,"column":12},"end":{"line":50,"column":13}},"type":"if","locations":[{"start":{"line":42,"column":12},"end":{"line":50,"column":13}},{"start":{},"end":{}}],"line":42},"2":{"loc":{"start":{"line":45,"column":20},"end":{"line":47,"column":21}},"type":"if","locations":[{"start":{"line":45,"column":20},"end":{"line":47,"column":21}},{"start":{},"end":{}}],"line":45},"3":{"loc":{"start":{"line":79,"column":25},"end":{"line":79,"column":96}},"type":"binary-expr","locations":[{"start":{"line":79,"column":25},"end":{"line":79,"column":36}},{"start":{},"end":{}}],"line":79}},"s":{"0":0,"1":0,"2":0,"3":0,"4":0,"5":0,"6":0,"7":0,"8":0,"9":0,"10":0,"11":0,"12":0,"13":0,"14":0,"15":0,"16":0,"17":0,"18":0,"19":0,"20":0},"f":{"0":0,"1":0,"2":0,"3":0,"4":0},"b":{"0":[0,0],"1":[0,0],"2":[0,0],"3":[0,0]}}
,"/Users/alexandrerodrigues/Documents/GitHub/MyWay/mobile/components/HabitDay.tsx": {"path":"/Users/alexandrerodrigues/Documents/GitHub/MyWay/mobile/components/HabitDay.tsx","statementMap":{"0":{"start":{"line":22,"column":32},"end":{"line":22,"column":77}},"1":{"start":{"line":23,"column":18},"end":{"line":23,"column":49}},"2":{"start":{"line":24,"column":25},"end":{"line":24,"column":50}},"3":{"start":{"line":26,"column":4},"end":{"line":47,"column":5}}},"fnMap":{"0":{"name":"HabitDay","decl":{"start":{"line":15,"column":9},"end":{"line":15,"column":17}},"loc":{"start":{"line":21,"column":18},"end":{"line":48,"column":1}},"line":21}},"branchMap":{"0":{"loc":{"start":{"line":33,"column":20},"end":{"line":33,"column":73}},"type":"binary-expr","locations":[{"start":{"line":33,"column":20},"end":{"line":33,"column":45}},{"start":{"line":33,"column":49},"end":{"line":33,"column":73}}],"line":33},"1":{"loc":{"start":{"line":35,"column":20},"end":{"line":35,"column":73}},"type":"binary-expr","locations":[{"start":{"line":35,"column":20},"end":{"line":35,"column":45}},{"start":{"line":35,"column":49},"end":{"line":35,"column":73}}],"line":35},"2":{"loc":{"start":{"line":37,"column":20},"end":{"line":37,"column":73}},"type":"binary-expr","locations":[{"start":{"line":37,"column":20},"end":{"line":37,"column":45}},{"start":{"line":37,"column":49},"end":{"line":37,"column":73}}],"line":37},"3":{"loc":{"start":{"line":39,"column":20},"end":{"line":39,"column":71}},"type":"binary-expr","locations":[{"start":{"line":39,"column":20},"end":{"line":39,"column":43}},{"start":{"line":39,"column":47},"end":{"line":39,"column":71}}],"line":39}},"s":{"0":0,"1":0,"2":0,"3":0},"f":{"0":0},"b":{"0":[0,0],"1":[0,0],"2":[0,0],"3":[0,0]}}
,"/Users/alexandrerodrigues/Documents/GitHub/MyWay/mobile/components/Header.tsx": {"path":"/Users/alexandrerodrigues/Documents/GitHub/MyWay/mobile/components/Header.tsx","statementMap":{"0":{"start":{"line":8,"column":15},"end":{"line":34,"column":1}},"1":{"start":{"line":9,"column":18},"end":{"line":9,"column":40}},"2":{"start":{"line":10,"column":32},"end":{"line":10,"column":44}},"3":{"start":{"line":11,"column":17},"end":{"line":11,"column":26}},"4":{"start":{"line":13,"column":4},"end":{"line":33,"column":5}},"5":{"start":{"line":16,"column":31},"end":{"line":16,"column":67}},"6":{"start":{"line":26,"column":31},"end":{"line":26,"column":39}}},"fnMap":{"0":{"name":"(anonymous_0)","decl":{"start":{"line":8,"column":15},"end":{"line":8,"column":16}},"loc":{"start":{"line":8,"column":21},"end":{"line":34,"column":1}},"line":8},"1":{"name":"(anonymous_1)","decl":{"start":{"line":16,"column":25},"end":{"line":16,"column":26}},"loc":{"start":{"line":16,"column":31},"end":{"line":16,"column":67}},"line":16},"2":{"name":"(anonymous_2)","decl":{"start":{"line":26,"column":25},"end":{"line":26,"column":26}},"loc":{"start":{"line":26,"column":31},"end":{"line":26,"column":39}},"line":26}},"branchMap":{"0":{"loc":{"start":{"line":22,"column":46},"end":{"line":22,"column":79}},"type":"cond-expr","locations":[{"start":{"line":22,"column":53},"end":{"line":22,"column":67}},{"start":{"line":22,"column":70},"end":{"line":22,"column":79}}],"line":22}},"s":{"0":1,"1":7,"2":7,"3":7,"4":7,"5":2,"6":1},"f":{"0":7,"1":2,"2":1},"b":{"0":[6,1]},"_coverageSchema":"1a1c01bbd47fc00a2c39e90264f33305004495a9","hash":"619b7d83ef22b7b58722d5d9a55733c3f8314b31"}
,"/Users/alexandrerodrigues/Documents/GitHub/MyWay/mobile/components/Loading.tsx": {"path":"/Users/alexandrerodrigues/Documents/GitHub/MyWay/mobile/components/Loading.tsx","statementMap":{"0":{"start":{"line":4,"column":4},"end":{"line":8,"column":5}}},"fnMap":{"0":{"name":"Loading","decl":{"start":{"line":3,"column":16},"end":{"line":3,"column":23}},"loc":{"start":{"line":3,"column":26},"end":{"line":9,"column":1}},"line":3}},"branchMap":{},"s":{"0":0},"f":{"0":0},"b":{}}
,"/Users/alexandrerodrigues/Documents/GitHub/MyWay/mobile/components/ProgressBar.tsx": {"path":"/Users/alexandrerodrigues/Documents/GitHub/MyWay/mobile/components/ProgressBar.tsx","statementMap":{"0":{"start":{"line":9,"column":4},"end":{"line":16,"column":6}}},"fnMap":{"0":{"name":"ProgressBar","decl":{"start":{"line":8,"column":24},"end":{"line":8,"column":35}},"loc":{"start":{"line":8,"column":68},"end":{"line":17,"column":1}},"line":8}},"branchMap":{},"s":{"0":17},"f":{"0":17},"b":{},"_coverageSchema":"1a1c01bbd47fc00a2c39e90264f33305004495a9","hash":"50506bc25dc3f195358f9d3c3b0a5224b7e616d8"}
,"/Users/alexandrerodrigues/Documents/GitHub/MyWay/mobile/components/ScheduleHabit.tsx": {"path":"/Users/alexandrerodrigues/Documents/GitHub/MyWay/mobile/components/ScheduleHabit.tsx","statementMap":{"0":{"start":{"line":16,"column":4},"end":{"line":37,"column":6}}},"fnMap":{"0":{"name":"ScheduleHabit","decl":{"start":{"line":14,"column":9},"end":{"line":14,"column":22}},"loc":{"start":{"line":14,"column":115},"end":{"line":38,"column":1}},"line":14}},"branchMap":{"0":{"loc":{"start":{"line":31,"column":93},"end":{"line":31,"column":122}},"type":"cond-expr","locations":[{"start":{"line":31,"column":103},"end":{"line":31,"column":117}},{"start":{"line":31,"column":120},"end":{"line":31,"column":122}}],"line":31}},"s":{"0":0},"f":{"0":0},"b":{"0":[0,0]}}
,"/Users/alexandrerodrigues/Documents/GitHub/MyWay/mobile/components/navigation/TabBarIcon.tsx": {"path":"/Users/alexandrerodrigues/Documents/GitHub/MyWay/mobile/components/navigation/TabBarIcon.tsx","statementMap":{"0":{"start":{"line":8,"column":2},"end":{"line":8,"column":80}}},"fnMap":{"0":{"name":"TabBarIcon","decl":{"start":{"line":7,"column":16},"end":{"line":7,"column":26}},"loc":{"start":{"line":7,"column":99},"end":{"line":9,"column":1}},"line":7}},"branchMap":{},"s":{"0":0},"f":{"0":0},"b":{}}
,"/Users/alexandrerodrigues/Documents/GitHub/MyWay/mobile/hooks/useColorScheme.ts": {"path":"/Users/alexandrerodrigues/Documents/GitHub/MyWay/mobile/hooks/useColorScheme.ts","statementMap":{},"fnMap":{},"branchMap":{},"s":{},"f":{},"b":{}}
,"/Users/alexandrerodrigues/Documents/GitHub/MyWay/mobile/hooks/useColorScheme.web.ts": {"path":"/Users/alexandrerodrigues/Documents/GitHub/MyWay/mobile/hooks/useColorScheme.web.ts","statementMap":{"0":{"start":{"line":7,"column":2},"end":{"line":7,"column":17}}},"fnMap":{"0":{"name":"useColorScheme","decl":{"start":{"line":6,"column":16},"end":{"line":6,"column":30}},"loc":{"start":{"line":6,"column":33},"end":{"line":8,"column":1}},"line":6}},"branchMap":{},"s":{"0":0},"f":{"0":0},"b":{}}
,"/Users/alexandrerodrigues/Documents/GitHub/MyWay/mobile/hooks/useSession.tsx": {"path":"/Users/alexandrerodrigues/Documents/GitHub/MyWay/mobile/hooks/useSession.tsx","statementMap":{"0":{"start":{"line":20,"column":23},"end":{"line":20,"column":79}},"1":{"start":{"line":22,"column":31},"end":{"line":100,"column":1}},"2":{"start":{"line":23,"column":28},"end":{"line":23,"column":56}},"3":{"start":{"line":24,"column":38},"end":{"line":24,"column":67}},"4":{"start":{"line":25,"column":30},"end":{"line":25,"column":50}},"5":{"start":{"line":27,"column":4},"end":{"line":35,"column":11}},"6":{"start":{"line":28,"column":25},"end":{"line":33,"column":9}},"7":{"start":{"line":29,"column":31},"end":{"line":29,"column":65}},"8":{"start":{"line":30,"column":12},"end":{"line":32,"column":13}},"9":{"start":{"line":31,"column":16},"end":{"line":31,"column":48}},"10":{"start":{"line":34,"column":8},"end":{"line":34,"column":19}},"11":{"start":{"line":37,"column":18},"end":{"line":53,"column":5}},"12":{"start":{"line":38,"column":8},"end":{"line":52,"column":9}},"13":{"start":{"line":39,"column":56},"end":{"line":39,"column":99}},"14":{"start":{"line":41,"column":12},"end":{"line":41,"column":36}},"15":{"start":{"line":42,"column":12},"end":{"line":42,"column":58}},"16":{"start":{"line":44,"column":12},"end":{"line":44,"column":35}},"17":{"start":{"line":45,"column":12},"end":{"line":45,"column":78}},"18":{"start":{"line":47,"column":12},"end":{"line":47,"column":33}},"19":{"start":{"line":49,"column":12},"end":{"line":49,"column":77}},"20":{"start":{"line":50,"column":12},"end":{"line":50,"column":30}},"21":{"start":{"line":51,"column":12},"end":{"line":51,"column":24}},"22":{"start":{"line":55,"column":23},"end":{"line":61,"column":5}},"23":{"start":{"line":56,"column":8},"end":{"line":60,"column":9}},"24":{"start":{"line":57,"column":36},"end":{"line":57,"column":63}},"25":{"start":{"line":58,"column":12},"end":{"line":58,"column":37}},"26":{"start":{"line":59,"column":12},"end":{"line":59,"column":74}},"27":{"start":{"line":63,"column":19},"end":{"line":66,"column":5}},"28":{"start":{"line":64,"column":8},"end":{"line":64,"column":22}},"29":{"start":{"line":65,"column":8},"end":{"line":65,"column":46}},"30":{"start":{"line":68,"column":21},"end":{"line":70,"column":5}},"31":{"start":{"line":69,"column":8},"end":{"line":69,"column":21}},"32":{"start":{"line":72,"column":23},"end":{"line":74,"column":5}},"33":{"start":{"line":73,"column":8},"end":{"line":73,"column":29}},"34":{"start":{"line":76,"column":20},"end":{"line":78,"column":5}},"35":{"start":{"line":77,"column":8},"end":{"line":77,"column":20}},"36":{"start":{"line":80,"column":23},"end":{"line":82,"column":5}},"37":{"start":{"line":81,"column":8},"end":{"line":81,"column":24}},"38":{"start":{"line":84,"column":25},"end":{"line":86,"column":5}},"39":{"start":{"line":85,"column":8},"end":{"line":85,"column":24}},"40":{"start":{"line":88,"column":22},"end":{"line":93,"column":5}},"41":{"start":{"line":89,"column":8},"end":{"line":91,"column":9}},"42":{"start":{"line":90,"column":12},"end":{"line":90,"column":23}},"43":{"start":{"line":92,"column":8},"end":{"line":92,"column":20}},"44":{"start":{"line":95,"column":4},"end":{"line":99,"column":6}},"45":{"start":{"line":102,"column":26},"end":{"line":108,"column":1}},"46":{"start":{"line":103,"column":20},"end":{"line":103,"column":46}},"47":{"start":{"line":104,"column":4},"end":{"line":106,"column":5}},"48":{"start":{"line":105,"column":8},"end":{"line":105,"column":82}},"49":{"start":{"line":107,"column":4},"end":{"line":107,"column":19}}},"fnMap":{"0":{"name":"(anonymous_0)","decl":{"start":{"line":22,"column":31},"end":{"line":22,"column":32}},"loc":{"start":{"line":22,"column":80},"end":{"line":100,"column":1}},"line":22},"1":{"name":"(anonymous_1)","decl":{"start":{"line":27,"column":14},"end":{"line":27,"column":15}},"loc":{"start":{"line":27,"column":20},"end":{"line":35,"column":5}},"line":27},"2":{"name":"(anonymous_2)","decl":{"start":{"line":28,"column":25},"end":{"line":28,"column":26}},"loc":{"start":{"line":28,"column":37},"end":{"line":33,"column":9}},"line":28},"3":{"name":"(anonymous_3)","decl":{"start":{"line":37,"column":18},"end":{"line":37,"column":19}},"loc":{"start":{"line":37,"column":61},"end":{"line":53,"column":5}},"line":37},"4":{"name":"(anonymous_4)","decl":{"start":{"line":55,"column":23},"end":{"line":55,"column":24}},"loc":{"start":{"line":55,"column":56},"end":{"line":61,"column":5}},"line":55},"5":{"name":"(anonymous_5)","decl":{"start":{"line":63,"column":19},"end":{"line":63,"column":20}},"loc":{"start":{"line":63,"column":31},"end":{"line":66,"column":5}},"line":63},"6":{"name":"(anonymous_6)","decl":{"start":{"line":68,"column":21},"end":{"line":68,"column":22}},"loc":{"start":{"line":68,"column":27},"end":{"line":70,"column":5}},"line":68},"7":{"name":"(anonymous_7)","decl":{"start":{"line":72,"column":23},"end":{"line":72,"column":24}},"loc":{"start":{"line":72,"column":29},"end":{"line":74,"column":5}},"line":72},"8":{"name":"(anonymous_8)","decl":{"start":{"line":76,"column":20},"end":{"line":76,"column":21}},"loc":{"start":{"line":76,"column":26},"end":{"line":78,"column":5}},"line":76},"9":{"name":"(anonymous_9)","decl":{"start":{"line":80,"column":23},"end":{"line":80,"column":24}},"loc":{"start":{"line":80,"column":39},"end":{"line":82,"column":5}},"line":80},"10":{"name":"(anonymous_10)","decl":{"start":{"line":84,"column":25},"end":{"line":84,"column":26}},"loc":{"start":{"line":84,"column":31},"end":{"line":86,"column":5}},"line":84},"11":{"name":"(anonymous_11)","decl":{"start":{"line":88,"column":22},"end":{"line":88,"column":23}},"loc":{"start":{"line":88,"column":28},"end":{"line":93,"column":5}},"line":88},"12":{"name":"(anonymous_12)","decl":{"start":{"line":102,"column":26},"end":{"line":102,"column":27}},"loc":{"start":{"line":102,"column":32},"end":{"line":108,"column":1}},"line":102}},"branchMap":{"0":{"loc":{"start":{"line":30,"column":12},"end":{"line":32,"column":13}},"type":"if","locations":[{"start":{"line":30,"column":12},"end":{"line":32,"column":13}},{"start":{},"end":{}}],"line":30},"1":{"loc":{"start":{"line":56,"column":8},"end":{"line":60,"column":9}},"type":"if","locations":[{"start":{"line":56,"column":8},"end":{"line":60,"column":9}},{"start":{},"end":{}}],"line":56},"2":{"loc":{"start":{"line":89,"column":8},"end":{"line":91,"column":9}},"type":"if","locations":[{"start":{"line":89,"column":8},"end":{"line":91,"column":9}},{"start":{},"end":{}}],"line":89},"3":{"loc":{"start":{"line":104,"column":4},"end":{"line":106,"column":5}},"type":"if","locations":[{"start":{"line":104,"column":4},"end":{"line":106,"column":5}},{"start":{},"end":{}}],"line":104}},"s":{"0":4,"1":4,"2":41,"3":41,"4":41,"5":41,"6":18,"7":18,"8":18,"9":2,"10":18,"11":41,"12":15,"13":15,"14":13,"15":13,"16":13,"17":13,"18":13,"19":2,"20":2,"21":2,"22":41,"23":2,"24":2,"25":2,"26":2,"27":41,"28":4,"29":4,"30":41,"31":2,"32":41,"33":10,"34":41,"35":2,"36":41,"37":2,"38":41,"39":3,"40":41,"41":4,"42":2,"43":2,"44":41,"45":4,"46":43,"47":43,"48":2,"49":41},"f":{"0":41,"1":18,"2":18,"3":15,"4":2,"5":4,"6":2,"7":10,"8":2,"9":2,"10":3,"11":4,"12":43},"b":{"0":[2,16],"1":[2,0],"2":[2,2],"3":[2,41]},"_coverageSchema":"1a1c01bbd47fc00a2c39e90264f33305004495a9","hash":"4d81350e0b535fea6abf98969ef77340cd719dd3"}
,"/Users/alexandrerodrigues/Documents/GitHub/MyWay/mobile/hooks/useThemeColor.ts": {"path":"/Users/alexandrerodrigues/Documents/GitHub/MyWay/mobile/hooks/useThemeColor.ts","statementMap":{"0":{"start":{"line":14,"column":16},"end":{"line":14,"column":43}},"1":{"start":{"line":15,"column":25},"end":{"line":15,"column":37}},"2":{"start":{"line":17,"column":2},"end":{"line":21,"column":3}},"3":{"start":{"line":18,"column":4},"end":{"line":18,"column":26}},"4":{"start":{"line":20,"column":4},"end":{"line":20,"column":36}}},"fnMap":{"0":{"name":"useThemeColor","decl":{"start":{"line":10,"column":16},"end":{"line":10,"column":29}},"loc":{"start":{"line":13,"column":2},"end":{"line":22,"column":1}},"line":13}},"branchMap":{"0":{"loc":{"start":{"line":14,"column":16},"end":{"line":14,"column":43}},"type":"binary-expr","locations":[{"start":{"line":14,"column":16},"end":{"line":14,"column":32}},{"start":{"line":14,"column":36},"end":{"line":14,"column":43}}],"line":14},"1":{"loc":{"start":{"line":17,"column":2},"end":{"line":21,"column":3}},"type":"if","locations":[{"start":{"line":17,"column":2},"end":{"line":21,"column":3}},{"start":{"line":19,"column":9},"end":{"line":21,"column":3}}],"line":17}},"s":{"0":0,"1":0,"2":0,"3":0,"4":0},"f":{"0":0},"b":{"0":[0,0],"1":[0,0]}}
,"/Users/alexandrerodrigues/Documents/GitHub/MyWay/mobile/requests/activities/create-activity.ts": {"path":"/Users/alexandrerodrigues/Documents/GitHub/MyWay/mobile/requests/activities/create-activity.ts","statementMap":{"0":{"start":{"line":5,"column":4},"end":{"line":12,"column":11}},"1":{"start":{"line":7,"column":12},"end":{"line":7,"column":33}},"2":{"start":{"line":10,"column":12},"end":{"line":10,"column":30}},"3":{"start":{"line":11,"column":12},"end":{"line":11,"column":24}}},"fnMap":{"0":{"name":"createActivity","decl":{"start":{"line":4,"column":22},"end":{"line":4,"column":36}},"loc":{"start":{"line":4,"column":60},"end":{"line":13,"column":1}},"line":4},"1":{"name":"(anonymous_1)","decl":{"start":{"line":6,"column":14},"end":{"line":6,"column":15}},"loc":{"start":{"line":6,"column":28},"end":{"line":8,"column":9}},"line":6},"2":{"name":"(anonymous_2)","decl":{"start":{"line":9,"column":15},"end":{"line":9,"column":16}},"loc":{"start":{"line":9,"column":26},"end":{"line":12,"column":9}},"line":9}},"branchMap":{},"s":{"0":0,"1":0,"2":0,"3":0},"f":{"0":0,"1":0,"2":0},"b":{}}
,"/Users/alexandrerodrigues/Documents/GitHub/MyWay/mobile/requests/activities/delete-activity.ts": {"path":"/Users/alexandrerodrigues/Documents/GitHub/MyWay/mobile/requests/activities/delete-activity.ts","statementMap":{"0":{"start":{"line":3,"column":30},"end":{"line":12,"column":1}},"1":{"start":{"line":4,"column":4},"end":{"line":11,"column":11}},"2":{"start":{"line":7,"column":12},"end":{"line":7,"column":33}},"3":{"start":{"line":10,"column":12},"end":{"line":10,"column":35}}},"fnMap":{"0":{"name":"(anonymous_0)","decl":{"start":{"line":3,"column":30},"end":{"line":3,"column":31}},"loc":{"start":{"line":3,"column":52},"end":{"line":12,"column":1}},"line":3},"1":{"name":"(anonymous_1)","decl":{"start":{"line":6,"column":14},"end":{"line":6,"column":15}},"loc":{"start":{"line":6,"column":28},"end":{"line":8,"column":9}},"line":6},"2":{"name":"(anonymous_2)","decl":{"start":{"line":9,"column":15},"end":{"line":9,"column":16}},"loc":{"start":{"line":9,"column":26},"end":{"line":11,"column":9}},"line":9}},"branchMap":{},"s":{"0":0,"1":0,"2":0,"3":0},"f":{"0":0,"1":0,"2":0},"b":{}}
,"/Users/alexandrerodrigues/Documents/GitHub/MyWay/mobile/requests/activities/load-activities-by-id.ts": {"path":"/Users/alexandrerodrigues/Documents/GitHub/MyWay/mobile/requests/activities/load-activities-by-id.ts","statementMap":{"0":{"start":{"line":4,"column":39},"end":{"line":13,"column":1}},"1":{"start":{"line":5,"column":4},"end":{"line":12,"column":11}},"2":{"start":{"line":8,"column":12},"end":{"line":8,"column":33}},"3":{"start":{"line":11,"column":12},"end":{"line":11,"column":35}}},"fnMap":{"0":{"name":"(anonymous_0)","decl":{"start":{"line":4,"column":39},"end":{"line":4,"column":40}},"loc":{"start":{"line":4,"column":61},"end":{"line":13,"column":1}},"line":4},"1":{"name":"(anonymous_1)","decl":{"start":{"line":7,"column":14},"end":{"line":7,"column":15}},"loc":{"start":{"line":7,"column":28},"end":{"line":9,"column":9}},"line":7},"2":{"name":"(anonymous_2)","decl":{"start":{"line":10,"column":15},"end":{"line":10,"column":16}},"loc":{"start":{"line":10,"column":26},"end":{"line":12,"column":9}},"line":10}},"branchMap":{},"s":{"0":0,"1":0,"2":0,"3":0},"f":{"0":0,"1":0,"2":0},"b":{}}
,"/Users/alexandrerodrigues/Documents/GitHub/MyWay/mobile/requests/activities/load-activity-by-day.ts": {"path":"/Users/alexandrerodrigues/Documents/GitHub/MyWay/mobile/requests/activities/load-activity-by-day.ts","statementMap":{"0":{"start":{"line":4,"column":38},"end":{"line":12,"column":1}},"1":{"start":{"line":5,"column":4},"end":{"line":11,"column":5}},"2":{"start":{"line":6,"column":25},"end":{"line":6,"column":86}},"3":{"start":{"line":7,"column":8},"end":{"line":7,"column":94}},"4":{"start":{"line":7,"column":50},"end":{"line":7,"column":92}},"5":{"start":{"line":9,"column":8},"end":{"line":9,"column":65}},"6":{"start":{"line":10,"column":8},"end":{"line":10,"column":20}}},"fnMap":{"0":{"name":"(anonymous_0)","decl":{"start":{"line":4,"column":38},"end":{"line":4,"column":39}},"loc":{"start":{"line":4,"column":71},"end":{"line":12,"column":1}},"line":4},"1":{"name":"(anonymous_1)","decl":{"start":{"line":7,"column":36},"end":{"line":7,"column":37}},"loc":{"start":{"line":7,"column":50},"end":{"line":7,"column":92}},"line":7}},"branchMap":{},"s":{"0":0,"1":0,"2":0,"3":0,"4":0,"5":0,"6":0},"f":{"0":0,"1":0},"b":{}}
,"/Users/alexandrerodrigues/Documents/GitHub/MyWay/mobile/requests/activities/load-days.ts": {"path":"/Users/alexandrerodrigues/Documents/GitHub/MyWay/mobile/requests/activities/load-days.ts","statementMap":{"0":{"start":{"line":4,"column":34},"end":{"line":14,"column":1}},"1":{"start":{"line":5,"column":4},"end":{"line":13,"column":5}},"2":{"start":{"line":6,"column":25},"end":{"line":6,"column":71}},"3":{"start":{"line":7,"column":28},"end":{"line":7,"column":98}},"4":{"start":{"line":7,"column":58},"end":{"line":7,"column":97}},"5":{"start":{"line":9,"column":8},"end":{"line":9,"column":27}},"6":{"start":{"line":11,"column":8},"end":{"line":11,"column":65}},"7":{"start":{"line":12,"column":8},"end":{"line":12,"column":20}}},"fnMap":{"0":{"name":"(anonymous_0)","decl":{"start":{"line":4,"column":34},"end":{"line":4,"column":35}},"loc":{"start":{"line":4,"column":64},"end":{"line":14,"column":1}},"line":4},"1":{"name":"(anonymous_1)","decl":{"start":{"line":7,"column":49},"end":{"line":7,"column":50}},"loc":{"start":{"line":7,"column":58},"end":{"line":7,"column":97}},"line":7}},"branchMap":{},"s":{"0":0,"1":0,"2":0,"3":0,"4":0,"5":0,"6":0,"7":0},"f":{"0":0,"1":0},"b":{}}
,"/Users/alexandrerodrigues/Documents/GitHub/MyWay/mobile/requests/routine/create-routine.ts": {"path":"/Users/alexandrerodrigues/Documents/GitHub/MyWay/mobile/requests/routine/create-routine.ts","statementMap":{"0":{"start":{"line":5,"column":20},"end":{"line":9,"column":5}},"1":{"start":{"line":10,"column":4},"end":{"line":17,"column":11}},"2":{"start":{"line":12,"column":12},"end":{"line":12,"column":33}},"3":{"start":{"line":15,"column":12},"end":{"line":15,"column":30}},"4":{"start":{"line":16,"column":12},"end":{"line":16,"column":24}}},"fnMap":{"0":{"name":"createRoutine","decl":{"start":{"line":4,"column":22},"end":{"line":4,"column":35}},"loc":{"start":{"line":4,"column":58},"end":{"line":18,"column":1}},"line":4},"1":{"name":"(anonymous_1)","decl":{"start":{"line":11,"column":14},"end":{"line":11,"column":15}},"loc":{"start":{"line":11,"column":28},"end":{"line":13,"column":9}},"line":11},"2":{"name":"(anonymous_2)","decl":{"start":{"line":14,"column":15},"end":{"line":14,"column":16}},"loc":{"start":{"line":14,"column":26},"end":{"line":17,"column":9}},"line":14}},"branchMap":{},"s":{"0":0,"1":0,"2":0,"3":0,"4":0},"f":{"0":0,"1":0,"2":0},"b":{}}
,"/Users/alexandrerodrigues/Documents/GitHub/MyWay/mobile/requests/routine/load-routine-by-guardian-id.ts": {"path":"/Users/alexandrerodrigues/Documents/GitHub/MyWay/mobile/requests/routine/load-routine-by-guardian-id.ts","statementMap":{"0":{"start":{"line":4,"column":39},"end":{"line":13,"column":1}},"1":{"start":{"line":5,"column":4},"end":{"line":12,"column":11}},"2":{"start":{"line":8,"column":12},"end":{"line":8,"column":33}},"3":{"start":{"line":11,"column":12},"end":{"line":11,"column":35}}},"fnMap":{"0":{"name":"(anonymous_0)","decl":{"start":{"line":4,"column":39},"end":{"line":4,"column":40}},"loc":{"start":{"line":4,"column":61},"end":{"line":13,"column":1}},"line":4},"1":{"name":"(anonymous_1)","decl":{"start":{"line":7,"column":14},"end":{"line":7,"column":15}},"loc":{"start":{"line":7,"column":28},"end":{"line":9,"column":9}},"line":7},"2":{"name":"(anonymous_2)","decl":{"start":{"line":10,"column":15},"end":{"line":10,"column":16}},"loc":{"start":{"line":10,"column":26},"end":{"line":12,"column":9}},"line":10}},"branchMap":{},"s":{"0":0,"1":0,"2":0,"3":0},"f":{"0":0,"1":0,"2":0},"b":{}}
,"/Users/alexandrerodrigues/Documents/GitHub/MyWay/mobile/requests/routine/load-routine-by-user-id.ts": {"path":"/Users/alexandrerodrigues/Documents/GitHub/MyWay/mobile/requests/routine/load-routine-by-user-id.ts","statementMap":{"0":{"start":{"line":4,"column":35},"end":{"line":13,"column":1}},"1":{"start":{"line":5,"column":4},"end":{"line":12,"column":11}},"2":{"start":{"line":8,"column":12},"end":{"line":8,"column":33}},"3":{"start":{"line":11,"column":12},"end":{"line":11,"column":35}}},"fnMap":{"0":{"name":"(anonymous_0)","decl":{"start":{"line":4,"column":35},"end":{"line":4,"column":36}},"loc":{"start":{"line":4,"column":57},"end":{"line":13,"column":1}},"line":4},"1":{"name":"(anonymous_1)","decl":{"start":{"line":7,"column":14},"end":{"line":7,"column":15}},"loc":{"start":{"line":7,"column":28},"end":{"line":9,"column":9}},"line":7},"2":{"name":"(anonymous_2)","decl":{"start":{"line":10,"column":15},"end":{"line":10,"column":16}},"loc":{"start":{"line":10,"column":26},"end":{"line":12,"column":9}},"line":10}},"branchMap":{},"s":{"0":2,"1":7,"2":5,"3":2},"f":{"0":7,"1":5,"2":2},"b":{},"_coverageSchema":"1a1c01bbd47fc00a2c39e90264f33305004495a9","hash":"68c86aaba2b4a7d2c5a3fbc9c233741737a75c86"}
,"/Users/alexandrerodrigues/Documents/GitHub/MyWay/mobile/requests/user/authenticate-user.ts": {"path":"/Users/alexandrerodrigues/Documents/GitHub/MyWay/mobile/requests/user/authenticate-user.ts","statementMap":{"0":{"start":{"line":4,"column":32},"end":{"line":13,"column":1}},"1":{"start":{"line":5,"column":2},"end":{"line":12,"column":7}},"2":{"start":{"line":8,"column":6},"end":{"line":8,"column":27}},"3":{"start":{"line":11,"column":6},"end":{"line":11,"column":29}}},"fnMap":{"0":{"name":"(anonymous_0)","decl":{"start":{"line":4,"column":32},"end":{"line":4,"column":33}},"loc":{"start":{"line":4,"column":60},"end":{"line":13,"column":1}},"line":4},"1":{"name":"(anonymous_1)","decl":{"start":{"line":7,"column":10},"end":{"line":7,"column":11}},"loc":{"start":{"line":7,"column":24},"end":{"line":9,"column":5}},"line":7},"2":{"name":"(anonymous_2)","decl":{"start":{"line":10,"column":11},"end":{"line":10,"column":12}},"loc":{"start":{"line":10,"column":22},"end":{"line":12,"column":5}},"line":10}},"branchMap":{},"s":{"0":6,"1":7,"2":5,"3":2},"f":{"0":7,"1":5,"2":2},"b":{},"_coverageSchema":"1a1c01bbd47fc00a2c39e90264f33305004495a9","hash":"dc329bd1326b14114595d09f1ebe9582ee3233b0"}
,"/Users/alexandrerodrigues/Documents/GitHub/MyWay/mobile/requests/user/create-user.ts": {"path":"/Users/alexandrerodrigues/Documents/GitHub/MyWay/mobile/requests/user/create-user.ts","statementMap":{"0":{"start":{"line":5,"column":4},"end":{"line":11,"column":11}},"1":{"start":{"line":7,"column":12},"end":{"line":7,"column":33}},"2":{"start":{"line":10,"column":12},"end":{"line":10,"column":24}}},"fnMap":{"0":{"name":"createUser","decl":{"start":{"line":4,"column":16},"end":{"line":4,"column":26}},"loc":{"start":{"line":4,"column":46},"end":{"line":12,"column":1}},"line":4},"1":{"name":"(anonymous_1)","decl":{"start":{"line":6,"column":14},"end":{"line":6,"column":15}},"loc":{"start":{"line":6,"column":28},"end":{"line":8,"column":9}},"line":6},"2":{"name":"(anonymous_2)","decl":{"start":{"line":9,"column":15},"end":{"line":9,"column":16}},"loc":{"start":{"line":9,"column":26},"end":{"line":11,"column":9}},"line":9}},"branchMap":{},"s":{"0":15,"1":11,"2":4},"f":{"0":15,"1":11,"2":4},"b":{},"_coverageSchema":"1a1c01bbd47fc00a2c39e90264f33305004495a9","hash":"e3d6b431dfc3a82d769af55524764839d2eeedd0"}
,"/Users/alexandrerodrigues/Documents/GitHub/MyWay/mobile/requests/user/delete-user.ts": {"path":"/Users/alexandrerodrigues/Documents/GitHub/MyWay/mobile/requests/user/delete-user.ts","statementMap":{"0":{"start":{"line":3,"column":26},"end":{"line":13,"column":1}},"1":{"start":{"line":4,"column":4},"end":{"line":12,"column":11}},"2":{"start":{"line":7,"column":12},"end":{"line":7,"column":33}},"3":{"start":{"line":10,"column":12},"end":{"line":10,"column":30}},"4":{"start":{"line":11,"column":12},"end":{"line":11,"column":35}}},"fnMap":{"0":{"name":"(anonymous_0)","decl":{"start":{"line":3,"column":26},"end":{"line":3,"column":27}},"loc":{"start":{"line":3,"column":48},"end":{"line":13,"column":1}},"line":3},"1":{"name":"(anonymous_1)","decl":{"start":{"line":6,"column":14},"end":{"line":6,"column":15}},"loc":{"start":{"line":6,"column":28},"end":{"line":8,"column":9}},"line":6},"2":{"name":"(anonymous_2)","decl":{"start":{"line":9,"column":15},"end":{"line":9,"column":16}},"loc":{"start":{"line":9,"column":26},"end":{"line":12,"column":9}},"line":9}},"branchMap":{},"s":{"0":0,"1":0,"2":0,"3":0,"4":0},"f":{"0":0,"1":0,"2":0},"b":{}}
,"/Users/alexandrerodrigues/Documents/GitHub/MyWay/mobile/requests/user/index.ts": {"path":"/Users/alexandrerodrigues/Documents/GitHub/MyWay/mobile/requests/user/index.ts","statementMap":{},"fnMap":{},"branchMap":{},"s":{},"f":{},"b":{},"_coverageSchema":"1a1c01bbd47fc00a2c39e90264f33305004495a9","hash":"416f28bca901336ccd07139b2dd96b107671af43"}
,"/Users/alexandrerodrigues/Documents/GitHub/MyWay/mobile/requests/user/load-user-by-email.ts": {"path":"/Users/alexandrerodrigues/Documents/GitHub/MyWay/mobile/requests/user/load-user-by-email.ts","statementMap":{"0":{"start":{"line":4,"column":31},"end":{"line":13,"column":1}},"1":{"start":{"line":5,"column":2},"end":{"line":12,"column":7}},"2":{"start":{"line":8,"column":6},"end":{"line":8,"column":27}},"3":{"start":{"line":11,"column":6},"end":{"line":11,"column":29}}},"fnMap":{"0":{"name":"(anonymous_0)","decl":{"start":{"line":4,"column":31},"end":{"line":4,"column":32}},"loc":{"start":{"line":4,"column":56},"end":{"line":13,"column":1}},"line":4},"1":{"name":"(anonymous_1)","decl":{"start":{"line":7,"column":10},"end":{"line":7,"column":11}},"loc":{"start":{"line":7,"column":24},"end":{"line":9,"column":5}},"line":7},"2":{"name":"(anonymous_2)","decl":{"start":{"line":10,"column":11},"end":{"line":10,"column":12}},"loc":{"start":{"line":10,"column":22},"end":{"line":12,"column":5}},"line":10}},"branchMap":{},"s":{"0":0,"1":0,"2":0,"3":0},"f":{"0":0,"1":0,"2":0},"b":{}}
,"/Users/alexandrerodrigues/Documents/GitHub/MyWay/mobile/requests/user/load-user-by-id.ts": {"path":"/Users/alexandrerodrigues/Documents/GitHub/MyWay/mobile/requests/user/load-user-by-id.ts","statementMap":{"0":{"start":{"line":4,"column":28},"end":{"line":13,"column":1}},"1":{"start":{"line":5,"column":2},"end":{"line":12,"column":7}},"2":{"start":{"line":8,"column":6},"end":{"line":8,"column":27}},"3":{"start":{"line":11,"column":6},"end":{"line":11,"column":29}}},"fnMap":{"0":{"name":"(anonymous_0)","decl":{"start":{"line":4,"column":28},"end":{"line":4,"column":29}},"loc":{"start":{"line":4,"column":50},"end":{"line":13,"column":1}},"line":4},"1":{"name":"(anonymous_1)","decl":{"start":{"line":7,"column":10},"end":{"line":7,"column":11}},"loc":{"start":{"line":7,"column":24},"end":{"line":9,"column":5}},"line":7},"2":{"name":"(anonymous_2)","decl":{"start":{"line":10,"column":11},"end":{"line":10,"column":12}},"loc":{"start":{"line":10,"column":22},"end":{"line":12,"column":5}},"line":10}},"branchMap":{},"s":{"0":1,"1":3,"2":1,"3":2},"f":{"0":3,"1":1,"2":2},"b":{},"_coverageSchema":"1a1c01bbd47fc00a2c39e90264f33305004495a9","hash":"0a55b76d0832f83495b31cf003ef73bf29a4e379"}
,"/Users/alexandrerodrigues/Documents/GitHub/MyWay/mobile/requests/user/update-user.ts": {"path":"/Users/alexandrerodrigues/Documents/GitHub/MyWay/mobile/requests/user/update-user.ts","statementMap":{"0":{"start":{"line":5,"column":4},"end":{"line":11,"column":11}},"1":{"start":{"line":7,"column":12},"end":{"line":7,"column":33}},"2":{"start":{"line":10,"column":12},"end":{"line":10,"column":24}}},"fnMap":{"0":{"name":"updateUserById","decl":{"start":{"line":4,"column":22},"end":{"line":4,"column":36}},"loc":{"start":{"line":4,"column":68},"end":{"line":12,"column":1}},"line":4},"1":{"name":"(anonymous_1)","decl":{"start":{"line":6,"column":14},"end":{"line":6,"column":15}},"loc":{"start":{"line":6,"column":28},"end":{"line":8,"column":9}},"line":6},"2":{"name":"(anonymous_2)","decl":{"start":{"line":9,"column":15},"end":{"line":9,"column":16}},"loc":{"start":{"line":9,"column":26},"end":{"line":11,"column":9}},"line":9}},"branchMap":{},"s":{"0":4,"1":2,"2":2},"f":{"0":4,"1":2,"2":2},"b":{},"_coverageSchema":"1a1c01bbd47fc00a2c39e90264f33305004495a9","hash":"8ea3133e108f2a22b81342818f078d72e3a2b719"}
,"/Users/alexandrerodrigues/Documents/GitHub/MyWay/mobile/services/api.tsx": {"path":"/Users/alexandrerodrigues/Documents/GitHub/MyWay/mobile/services/api.tsx","statementMap":{"0":{"start":{"line":4,"column":21},"end":{"line":4,"column":25}},"1":{"start":{"line":6,"column":29},"end":{"line":9,"column":1}},"2":{"start":{"line":7,"column":2},"end":{"line":7,"column":55}},"3":{"start":{"line":7,"column":20},"end":{"line":7,"column":55}},"4":{"start":{"line":8,"column":2},"end":{"line":8,"column":12}},"5":{"start":{"line":11,"column":17},"end":{"line":13,"column":2}},"6":{"start":{"line":15,"column":0},"end":{"line":26,"column":2}},"7":{"start":{"line":17,"column":18},"end":{"line":17,"column":45}},"8":{"start":{"line":18,"column":4},"end":{"line":20,"column":5}},"9":{"start":{"line":19,"column":6},"end":{"line":19,"column":55}},"10":{"start":{"line":21,"column":4},"end":{"line":21,"column":18}},"11":{"start":{"line":24,"column":4},"end":{"line":24,"column":33}},"12":{"start":{"line":28,"column":28},"end":{"line":36,"column":1}},"13":{"start":{"line":29,"column":2},"end":{"line":35,"column":3}},"14":{"start":{"line":30,"column":18},"end":{"line":30,"column":53}},"15":{"start":{"line":31,"column":4},"end":{"line":31,"column":17}},"16":{"start":{"line":33,"column":4},"end":{"line":33,"column":51}},"17":{"start":{"line":34,"column":4},"end":{"line":34,"column":16}}},"fnMap":{"0":{"name":"(anonymous_0)","decl":{"start":{"line":6,"column":29},"end":{"line":6,"column":30}},"loc":{"start":{"line":6,"column":35},"end":{"line":9,"column":1}},"line":6},"1":{"name":"(anonymous_1)","decl":{"start":{"line":16,"column":2},"end":{"line":16,"column":3}},"loc":{"start":{"line":16,"column":20},"end":{"line":22,"column":3}},"line":16},"2":{"name":"(anonymous_2)","decl":{"start":{"line":23,"column":2},"end":{"line":23,"column":3}},"loc":{"start":{"line":23,"column":13},"end":{"line":25,"column":3}},"line":23},"3":{"name":"(anonymous_3)","decl":{"start":{"line":28,"column":28},"end":{"line":28,"column":29}},"loc":{"start":{"line":28,"column":40},"end":{"line":36,"column":1}},"line":28}},"branchMap":{"0":{"loc":{"start":{"line":7,"column":2},"end":{"line":7,"column":55}},"type":"if","locations":[{"start":{"line":7,"column":2},"end":{"line":7,"column":55}},{"start":{},"end":{}}],"line":7},"1":{"loc":{"start":{"line":18,"column":4},"end":{"line":20,"column":5}},"type":"if","locations":[{"start":{"line":18,"column":4},"end":{"line":20,"column":5}},{"start":{},"end":{}}],"line":18}},"s":{"0":0,"1":0,"2":0,"3":0,"4":0,"5":0,"6":0,"7":0,"8":0,"9":0,"10":0,"11":0,"12":0,"13":0,"14":0,"15":0,"16":0,"17":0},"f":{"0":0,"1":0,"2":0,"3":0},"b":{"0":[0,0],"1":[0,0]}}
,"/Users/alexandrerodrigues/Documents/GitHub/MyWay/mobile/utils/constants.ts": {"path":"/Users/alexandrerodrigues/Documents/GitHub/MyWay/mobile/utils/constants.ts","statementMap":{"0":{"start":{"line":3,"column":25},"end":{"line":3,"column":60}},"1":{"start":{"line":4,"column":41},"end":{"line":4,"column":53}},"2":{"start":{"line":6,"column":34},"end":{"line":6,"column":35}},"3":{"start":{"line":8,"column":4},"end":{"line":9,"column":35}}},"fnMap":{},"branchMap":{},"s":{"0":0,"1":0,"2":0,"3":0},"f":{},"b":{}}
,"/Users/alexandrerodrigues/Documents/GitHub/MyWay/mobile/utils/generate-dates-month.ts": {"path":"/Users/alexandrerodrigues/Documents/GitHub/MyWay/mobile/utils/generate-dates-month.ts","statementMap":{"0":{"start":{"line":4,"column":18},"end":{"line":4,"column":25}},"1":{"start":{"line":5,"column":28},"end":{"line":5,"column":50}},"2":{"start":{"line":6,"column":27},"end":{"line":6,"column":47}},"3":{"start":{"line":8,"column":35},"end":{"line":8,"column":37}},"4":{"start":{"line":11,"column":23},"end":{"line":11,"column":44}},"5":{"start":{"line":13,"column":4},"end":{"line":15,"column":5}},"6":{"start":{"line":13,"column":17},"end":{"line":13,"column":18}},"7":{"start":{"line":14,"column":8},"end":{"line":14,"column":25}},"8":{"start":{"line":17,"column":22},"end":{"line":17,"column":37}},"9":{"start":{"line":20,"column":4},"end":{"line":23,"column":5}},"10":{"start":{"line":21,"column":8},"end":{"line":21,"column":41}},"11":{"start":{"line":22,"column":8},"end":{"line":22,"column":48}},"12":{"start":{"line":26,"column":23},"end":{"line":26,"column":25}},"13":{"start":{"line":27,"column":24},"end":{"line":27,"column":52}},"14":{"start":{"line":29,"column":4},"end":{"line":32,"column":5}},"15":{"start":{"line":30,"column":8},"end":{"line":30,"column":43}},"16":{"start":{"line":31,"column":8},"end":{"line":31,"column":52}},"17":{"start":{"line":34,"column":4},"end":{"line":34,"column":17}}},"fnMap":{"0":{"name":"generateDatesForCurrentMonth","decl":{"start":{"line":3,"column":16},"end":{"line":3,"column":44}},"loc":{"start":{"line":3,"column":47},"end":{"line":35,"column":1}},"line":3}},"branchMap":{"0":{"loc":{"start":{"line":20,"column":11},"end":{"line":20,"column":85}},"type":"binary-expr","locations":[{"start":{"line":20,"column":11},"end":{"line":20,"column":47}},{"start":{"line":20,"column":51},"end":{"line":20,"column":85}}],"line":20}},"s":{"0":9,"1":9,"2":9,"3":9,"4":9,"5":9,"6":9,"7":38,"8":9,"9":9,"10":271,"11":271,"12":9,"13":9,"14":9,"15":69,"16":69,"17":9},"f":{"0":9},"b":{"0":[280,9]},"_coverageSchema":"1a1c01bbd47fc00a2c39e90264f33305004495a9","hash":"534df96ed9b1dbdcb86df2fd2b9b8053c31fe361"}
,"/Users/alexandrerodrigues/Documents/GitHub/MyWay/mobile/utils/generate-progress-percentage.ts": {"path":"/Users/alexandrerodrigues/Documents/GitHub/MyWay/mobile/utils/generate-progress-percentage.ts","statementMap":{"0":{"start":{"line":2,"column":23},"end":{"line":2,"column":61}},"1":{"start":{"line":3,"column":4},"end":{"line":3,"column":45}}},"fnMap":{"0":{"name":"generateProgressPercentage","decl":{"start":{"line":1,"column":16},"end":{"line":1,"column":42}},"loc":{"start":{"line":1,"column":70},"end":{"line":4,"column":1}},"line":1}},"branchMap":{"0":{"loc":{"start":{"line":1,"column":43},"end":{"line":1,"column":53}},"type":"default-arg","locations":[{"start":{"line":1,"column":52},"end":{"line":1,"column":53}}],"line":1},"1":{"loc":{"start":{"line":1,"column":55},"end":{"line":1,"column":68}},"type":"default-arg","locations":[{"start":{"line":1,"column":67},"end":{"line":1,"column":68}}],"line":1},"2":{"loc":{"start":{"line":3,"column":11},"end":{"line":3,"column":45}},"type":"cond-expr","locations":[{"start":{"line":3,"column":31},"end":{"line":3,"column":32}},{"start":{"line":3,"column":35},"end":{"line":3,"column":45}}],"line":3}},"s":{"0":27,"1":27},"f":{"0":27},"b":{"0":[2],"1":[1],"2":[4,23]},"_coverageSchema":"1a1c01bbd47fc00a2c39e90264f33305004495a9","hash":"ca18f6625687a5bfe748409f4cca7595ef37897a"}
,"/Users/alexandrerodrigues/Documents/GitHub/MyWay/mobile/utils/goTo.ts": {"path":"/Users/alexandrerodrigues/Documents/GitHub/MyWay/mobile/utils/goTo.ts","statementMap":{"0":{"start":{"line":3,"column":20},"end":{"line":5,"column":1}},"1":{"start":{"line":4,"column":4},"end":{"line":4,"column":37}}},"fnMap":{"0":{"name":"(anonymous_0)","decl":{"start":{"line":3,"column":20},"end":{"line":3,"column":21}},"loc":{"start":{"line":3,"column":38},"end":{"line":5,"column":1}},"line":3}},"branchMap":{},"s":{"0":3,"1":7},"f":{"0":7},"b":{},"_coverageSchema":"1a1c01bbd47fc00a2c39e90264f33305004495a9","hash":"6ac730b94d022004cb87c701ffabe42108c6fbca"}
}
