TN:
SF:components/BackButton.tsx
FN:9,BackButton
FN:13,(anonymous_1)
FNF:2
FNH:2
FNDA:9,BackButton
FNDA:6,(anonymous_1)
DA:10,9
DA:11,9
DA:13,9
DA:14,6
DA:15,5
DA:18,1
DA:22,9
LF:7
LH:7
BRDA:14,0,0,5
BRDA:14,0,1,1
BRF:2
BRH:2
end_of_record
TN:
SF:components/Card.tsx
FN:15,Card
FNF:1
FNH:1
FNDA:19,Card
DA:16,19
LF:1
LH:1
BRF:0
BRH:0
end_of_record
TN:
SF:components/Checkbox.tsx
FN:17,Checkbox
FNF:1
FNH:1
FNDA:27,Checkbox
DA:18,27
LF:1
LH:1
BRDA:17,0,0,10
BRDA:23,1,0,6
BRDA:23,1,1,21
BRF:3
BRH:3
end_of_record
TN:
SF:components/Drawer.tsx
FN:9,(anonymous_0)
FN:25,(anonymous_1)
FN:30,(anonymous_2)
FN:44,(anonymous_3)
FN:66,(anonymous_4)
FNF:5
FNH:0
FNDA:0,(anonymous_0)
FNDA:0,(anonymous_1)
FNDA:0,(anonymous_2)
FNDA:0,(anonymous_3)
FNDA:0,(anonymous_4)
DA:5,0
DA:10,0
DA:11,0
DA:12,0
DA:25,0
DA:26,0
DA:27,0
DA:28,0
DA:30,0
DA:31,0
DA:33,0
DA:34,0
DA:39,0
DA:40,0
DA:42,0
DA:43,0
DA:44,0
DA:45,0
DA:46,0
DA:49,0
DA:54,0
LF:21
LH:0
BRDA:12,0,0,0
BRDA:12,0,1,0
BRDA:42,1,0,0
BRDA:42,1,1,0
BRDA:45,2,0,0
BRDA:45,2,1,0
BRDA:79,3,0,0
BRDA:79,3,1,0
BRF:8
BRH:0
end_of_record
TN:
SF:components/HabitDay.tsx
FN:15,HabitDay
FNF:1
FNH:0
FNDA:0,HabitDay
DA:22,0
DA:23,0
DA:24,0
DA:26,0
LF:4
LH:0
BRDA:33,0,0,0
BRDA:33,0,1,0
BRDA:35,1,0,0
BRDA:35,1,1,0
BRDA:37,2,0,0
BRDA:37,2,1,0
BRDA:39,3,0,0
BRDA:39,3,1,0
BRF:8
BRH:0
end_of_record
TN:
SF:components/Header.tsx
FN:8,(anonymous_0)
FN:16,(anonymous_1)
FN:26,(anonymous_2)
FNF:3
FNH:3
FNDA:7,(anonymous_0)
FNDA:2,(anonymous_1)
FNDA:1,(anonymous_2)
DA:8,1
DA:9,7
DA:10,7
DA:11,7
DA:13,7
DA:16,2
DA:26,1
LF:7
LH:7
BRDA:22,0,0,6
BRDA:22,0,1,1
BRF:2
BRH:2
end_of_record
TN:
SF:components/Loading.tsx
FN:3,Loading
FNF:1
FNH:0
FNDA:0,Loading
DA:4,0
LF:1
LH:0
BRF:0
BRH:0
end_of_record
TN:
SF:components/ProgressBar.tsx
FN:8,ProgressBar
FNF:1
FNH:1
FNDA:17,ProgressBar
DA:9,17
LF:1
LH:1
BRF:0
BRH:0
end_of_record
TN:
SF:components/ScheduleHabit.tsx
FN:14,ScheduleHabit
FNF:1
FNH:0
FNDA:0,ScheduleHabit
DA:16,0
LF:1
LH:0
BRDA:31,0,0,0
BRDA:31,0,1,0
BRF:2
BRH:0
end_of_record
TN:
SF:components/navigation/TabBarIcon.tsx
FN:7,TabBarIcon
FNF:1
FNH:0
FNDA:0,TabBarIcon
DA:8,0
LF:1
LH:0
BRF:0
BRH:0
end_of_record
TN:
SF:hooks/useColorScheme.ts
FNF:0
FNH:0
LF:0
LH:0
BRF:0
BRH:0
end_of_record
TN:
SF:hooks/useColorScheme.web.ts
FN:6,useColorScheme
FNF:1
FNH:0
FNDA:0,useColorScheme
DA:7,0
LF:1
LH:0
BRF:0
BRH:0
end_of_record
TN:
SF:hooks/useSession.tsx
FN:22,(anonymous_0)
FN:27,(anonymous_1)
FN:28,(anonymous_2)
FN:37,(anonymous_3)
FN:55,(anonymous_4)
FN:63,(anonymous_5)
FN:68,(anonymous_6)
FN:72,(anonymous_7)
FN:76,(anonymous_8)
FN:80,(anonymous_9)
FN:84,(anonymous_10)
FN:88,(anonymous_11)
FN:102,(anonymous_12)
FNF:13
FNH:13
FNDA:41,(anonymous_0)
FNDA:18,(anonymous_1)
FNDA:18,(anonymous_2)
FNDA:15,(anonymous_3)
FNDA:2,(anonymous_4)
FNDA:4,(anonymous_5)
FNDA:2,(anonymous_6)
FNDA:10,(anonymous_7)
FNDA:2,(anonymous_8)
FNDA:2,(anonymous_9)
FNDA:3,(anonymous_10)
FNDA:4,(anonymous_11)
FNDA:43,(anonymous_12)
DA:20,4
DA:22,4
DA:23,41
DA:24,41
DA:25,41
DA:27,41
DA:28,18
DA:29,18
DA:30,18
DA:31,2
DA:34,18
DA:37,41
DA:38,15
DA:39,15
DA:41,13
DA:42,13
DA:44,13
DA:45,13
DA:47,13
DA:49,2
DA:50,2
DA:51,2
DA:55,41
DA:56,2
DA:57,2
DA:58,2
DA:59,2
DA:63,41
DA:64,4
DA:65,4
DA:68,41
DA:69,2
DA:72,41
DA:73,10
DA:76,41
DA:77,2
DA:80,41
DA:81,2
DA:84,41
DA:85,3
DA:88,41
DA:89,4
DA:90,2
DA:92,2
DA:95,41
DA:102,4
DA:103,43
DA:104,43
DA:105,2
DA:107,41
LF:50
LH:50
BRDA:30,0,0,2
BRDA:30,0,1,16
BRDA:56,1,0,2
BRDA:56,1,1,0
BRDA:89,2,0,2
BRDA:89,2,1,2
BRDA:104,3,0,2
BRDA:104,3,1,41
BRF:8
BRH:7
end_of_record
TN:
SF:hooks/useThemeColor.ts
FN:10,useThemeColor
FNF:1
FNH:0
FNDA:0,useThemeColor
DA:14,0
DA:15,0
DA:17,0
DA:18,0
DA:20,0
LF:5
LH:0
BRDA:14,0,0,0
BRDA:14,0,1,0
BRDA:17,1,0,0
BRDA:17,1,1,0
BRF:4
BRH:0
end_of_record
TN:
SF:requests/activities/create-activity.ts
FN:4,createActivity
FN:6,(anonymous_1)
FN:9,(anonymous_2)
FNF:3
FNH:0
FNDA:0,createActivity
FNDA:0,(anonymous_1)
FNDA:0,(anonymous_2)
DA:5,0
DA:7,0
DA:10,0
DA:11,0
LF:4
LH:0
BRF:0
BRH:0
end_of_record
TN:
SF:requests/activities/delete-activity.ts
FN:3,(anonymous_0)
FN:6,(anonymous_1)
FN:9,(anonymous_2)
FNF:3
FNH:0
FNDA:0,(anonymous_0)
FNDA:0,(anonymous_1)
FNDA:0,(anonymous_2)
DA:3,0
DA:4,0
DA:7,0
DA:10,0
LF:4
LH:0
BRF:0
BRH:0
end_of_record
TN:
SF:requests/activities/load-activities-by-id.ts
FN:4,(anonymous_0)
FN:7,(anonymous_1)
FN:10,(anonymous_2)
FNF:3
FNH:0
FNDA:0,(anonymous_0)
FNDA:0,(anonymous_1)
FNDA:0,(anonymous_2)
DA:4,0
DA:5,0
DA:8,0
DA:11,0
LF:4
LH:0
BRF:0
BRH:0
end_of_record
TN:
SF:requests/activities/load-activity-by-day.ts
FN:4,(anonymous_0)
FN:7,(anonymous_1)
FNF:2
FNH:0
FNDA:0,(anonymous_0)
FNDA:0,(anonymous_1)
DA:4,0
DA:5,0
DA:6,0
DA:7,0
DA:9,0
DA:10,0
LF:6
LH:0
BRF:0
BRH:0
end_of_record
TN:
SF:requests/activities/load-days.ts
FN:4,(anonymous_0)
FN:7,(anonymous_1)
FNF:2
FNH:0
FNDA:0,(anonymous_0)
FNDA:0,(anonymous_1)
DA:4,0
DA:5,0
DA:6,0
DA:7,0
DA:9,0
DA:11,0
DA:12,0
LF:7
LH:0
BRF:0
BRH:0
end_of_record
TN:
SF:requests/routine/create-routine.ts
FN:4,createRoutine
FN:11,(anonymous_1)
FN:14,(anonymous_2)
FNF:3
FNH:0
FNDA:0,createRoutine
FNDA:0,(anonymous_1)
FNDA:0,(anonymous_2)
DA:5,0
DA:10,0
DA:12,0
DA:15,0
DA:16,0
LF:5
LH:0
BRF:0
BRH:0
end_of_record
TN:
SF:requests/routine/load-routine-by-guardian-id.ts
FN:4,(anonymous_0)
FN:7,(anonymous_1)
FN:10,(anonymous_2)
FNF:3
FNH:0
FNDA:0,(anonymous_0)
FNDA:0,(anonymous_1)
FNDA:0,(anonymous_2)
DA:4,0
DA:5,0
DA:8,0
DA:11,0
LF:4
LH:0
BRF:0
BRH:0
end_of_record
TN:
SF:requests/routine/load-routine-by-user-id.ts
FN:4,(anonymous_0)
FN:7,(anonymous_1)
FN:10,(anonymous_2)
FNF:3
FNH:3
FNDA:7,(anonymous_0)
FNDA:5,(anonymous_1)
FNDA:2,(anonymous_2)
DA:4,2
DA:5,7
DA:8,5
DA:11,2
LF:4
LH:4
BRF:0
BRH:0
end_of_record
TN:
SF:requests/user/authenticate-user.ts
FN:4,(anonymous_0)
FN:7,(anonymous_1)
FN:10,(anonymous_2)
FNF:3
FNH:3
FNDA:7,(anonymous_0)
FNDA:5,(anonymous_1)
FNDA:2,(anonymous_2)
DA:4,6
DA:5,7
DA:8,5
DA:11,2
LF:4
LH:4
BRF:0
BRH:0
end_of_record
TN:
SF:requests/user/create-user.ts
FN:4,createUser
FN:6,(anonymous_1)
FN:9,(anonymous_2)
FNF:3
FNH:3
FNDA:15,createUser
FNDA:11,(anonymous_1)
FNDA:4,(anonymous_2)
DA:5,15
DA:7,11
DA:10,4
LF:3
LH:3
BRF:0
BRH:0
end_of_record
TN:
SF:requests/user/delete-user.ts
FN:3,(anonymous_0)
FN:6,(anonymous_1)
FN:9,(anonymous_2)
FNF:3
FNH:0
FNDA:0,(anonymous_0)
FNDA:0,(anonymous_1)
FNDA:0,(anonymous_2)
DA:3,0
DA:4,0
DA:7,0
DA:10,0
DA:11,0
LF:5
LH:0
BRF:0
BRH:0
end_of_record
TN:
SF:requests/user/index.ts
FNF:0
FNH:0
LF:0
LH:0
BRF:0
BRH:0
end_of_record
TN:
SF:requests/user/load-user-by-email.ts
FN:4,(anonymous_0)
FN:7,(anonymous_1)
FN:10,(anonymous_2)
FNF:3
FNH:0
FNDA:0,(anonymous_0)
FNDA:0,(anonymous_1)
FNDA:0,(anonymous_2)
DA:4,0
DA:5,0
DA:8,0
DA:11,0
LF:4
LH:0
BRF:0
BRH:0
end_of_record
TN:
SF:requests/user/load-user-by-id.ts
FN:4,(anonymous_0)
FN:7,(anonymous_1)
FN:10,(anonymous_2)
FNF:3
FNH:3
FNDA:3,(anonymous_0)
FNDA:1,(anonymous_1)
FNDA:2,(anonymous_2)
DA:4,1
DA:5,3
DA:8,1
DA:11,2
LF:4
LH:4
BRF:0
BRH:0
end_of_record
TN:
SF:requests/user/update-user.ts
FN:4,updateUserById
FN:6,(anonymous_1)
FN:9,(anonymous_2)
FNF:3
FNH:3
FNDA:4,updateUserById
FNDA:2,(anonymous_1)
FNDA:2,(anonymous_2)
DA:5,4
DA:7,2
DA:10,2
LF:3
LH:3
BRF:0
BRH:0
end_of_record
TN:
SF:services/api.tsx
FN:6,(anonymous_0)
FN:16,(anonymous_1)
FN:23,(anonymous_2)
FN:28,(anonymous_3)
FNF:4
FNH:0
FNDA:0,(anonymous_0)
FNDA:0,(anonymous_1)
FNDA:0,(anonymous_2)
FNDA:0,(anonymous_3)
DA:4,0
DA:6,0
DA:7,0
DA:8,0
DA:11,0
DA:15,0
DA:17,0
DA:18,0
DA:19,0
DA:21,0
DA:24,0
DA:28,0
DA:29,0
DA:30,0
DA:31,0
DA:33,0
DA:34,0
LF:17
LH:0
BRDA:7,0,0,0
BRDA:7,0,1,0
BRDA:18,1,0,0
BRDA:18,1,1,0
BRF:4
BRH:0
end_of_record
TN:
SF:utils/constants.ts
FNF:0
FNH:0
DA:3,0
DA:4,0
DA:6,0
DA:8,0
LF:4
LH:0
BRF:0
BRH:0
end_of_record
TN:
SF:utils/generate-dates-month.ts
FN:3,generateDatesForCurrentMonth
FNF:1
FNH:1
FNDA:9,generateDatesForCurrentMonth
DA:4,9
DA:5,9
DA:6,9
DA:8,9
DA:11,9
DA:13,9
DA:14,38
DA:17,9
DA:20,9
DA:21,271
DA:22,271
DA:26,9
DA:27,9
DA:29,9
DA:30,69
DA:31,69
DA:34,9
LF:17
LH:17
BRDA:20,0,0,280
BRDA:20,0,1,9
BRF:2
BRH:2
end_of_record
TN:
SF:utils/generate-progress-percentage.ts
FN:1,generateProgressPercentage
FNF:1
FNH:1
FNDA:27,generateProgressPercentage
DA:2,27
DA:3,27
LF:2
LH:2
BRDA:1,0,0,2
BRDA:1,1,0,1
BRDA:3,2,0,4
BRDA:3,2,1,23
BRF:4
BRH:4
end_of_record
TN:
SF:utils/goTo.ts
FN:3,(anonymous_0)
FNF:1
FNH:1
FNDA:7,(anonymous_0)
DA:3,3
DA:4,7
LF:2
LH:2
BRF:0
BRH:0
end_of_record
